<?xml version="1.0" encoding="UTF-8"?>
<!-- Generated by org.testng.reporters.JUnitXMLReporter -->
<testsuite ignored="0" hostname="LMC-LT-091" failures="0" tests="3" name="Test" time="15.343" errors="0" timestamp="2022-01-03T10:42:03 IST">
  <testcase classname="Listeners.TestCase1" name="googleTitle" time="7.092"/>
  <testcase classname="Listeners.TestCase1" name="logoTest" time="0.002"/>
  <testcase classname="Listeners.TestNGBrowser" name="oxheadTitle" time="8.203"/>
</testsuite> <!-- Test -->
