<?xml version="1.0" encoding="UTF-8"?>
<testng-results ignored="0" total="2" passed="2" failed="0" skipped="0">
  <reporter-output>
  </reporter-output>
  <suite started-at="2022-01-10T14:25:27 IST" name="Default suite" finished-at="2022-01-10T14:26:02 IST" duration-ms="34383">
    <groups>
    </groups>
    <test started-at="2022-01-10T14:25:27 IST" name="Default test" finished-at="2022-01-10T14:26:02 IST" duration-ms="34383">
      <class name="com.CRM.TestCases.HomePageTest">
        <test-method is-config="true" signature="setUp()[pri:0, instance:com.CRM.TestCases.HomePageTest@2b48a640]" started-at="2022-01-10T14:25:28 IST" name="setUp" finished-at="2022-01-10T14:25:43 IST" duration-ms="15439" status="PASS">
          <reporter-output>
          </reporter-output>
        </test-method> <!-- setUp -->
        <test-method signature="HomePageTitleTest()[pri:0, instance:com.CRM.TestCases.HomePageTest@2b48a640]" started-at="2022-01-10T14:25:43 IST" name="HomePageTitleTest" finished-at="2022-01-10T14:25:43 IST" duration-ms="12" status="PASS">
          <reporter-output>
          </reporter-output>
        </test-method> <!-- HomePageTitleTest -->
        <test-method is-config="true" signature="tearDown()[pri:0, instance:com.CRM.TestCases.HomePageTest@2b48a640]" started-at="2022-01-10T14:25:43 IST" name="tearDown" finished-at="2022-01-10T14:25:44 IST" duration-ms="849" status="PASS">
          <reporter-output>
          </reporter-output>
        </test-method> <!-- tearDown -->
        <test-method is-config="true" signature="setUp()[pri:0, instance:com.CRM.TestCases.HomePageTest@2b48a640]" started-at="2022-01-10T14:25:44 IST" name="setUp" finished-at="2022-01-10T14:25:58 IST" duration-ms="14044" status="PASS">
          <reporter-output>
          </reporter-output>
        </test-method> <!-- setUp -->
        <test-method signature="clickOnAdminPageTest()[pri:0, instance:com.CRM.TestCases.HomePageTest@2b48a640]" started-at="2022-01-10T14:25:58 IST" name="clickOnAdminPageTest" finished-at="2022-01-10T14:26:01 IST" duration-ms="3283" status="PASS">
          <reporter-output>
          </reporter-output>
        </test-method> <!-- clickOnAdminPageTest -->
        <test-method is-config="true" signature="tearDown()[pri:0, instance:com.CRM.TestCases.HomePageTest@2b48a640]" started-at="2022-01-10T14:26:01 IST" name="tearDown" finished-at="2022-01-10T14:26:02 IST" duration-ms="720" status="PASS">
          <reporter-output>
          </reporter-output>
        </test-method> <!-- tearDown -->
      </class> <!-- com.CRM.TestCases.HomePageTest -->
    </test> <!-- Default test -->
  </suite> <!-- Default suite -->
</testng-results>
